
Test file for print_square function
===================================

First, import the function:
    >>> print_square = __import__('4-print_square').print_square

Test present: size= 4 (normal case)
    >>> print_square(4)
    ####
    ####
    ####
    ####

Test present: size= 1 (edge case)
    >>> print_square(1)
    #

Test present: size= 0 (edge case)
    >>> print_square(0)

Test present: size= 10 (larger square)
    >>> print_square(10)
    ##########
    ##########
    ##########
    ##########
    ##########
    ##########
    ##########
    ##########
    ##########
    ##########

Test present: size= not integer => TypeError: size must be an integer
    >>> print_square("4")
    Traceback (most recent call last):
    ...
    TypeError: size must be an integer

    >>> print_square(4.5)
    Traceback (most recent call last):
    ...
    TypeError: size must be an integer

    >>> print_square(None)
    Traceback (most recent call last):
    ...
    TypeError: size must be an integer

Test present: size= negative integer => ValueError: size must be >= 0
    >>> print_square(-1)
    Traceback (most recent call last):
    ...
    ValueError: size must be >= 0

Test present: size= negative float => TypeError: size must be an integer
    >>> print_square(-4.5)
    Traceback (most recent call last):
    ...
    TypeError: size must be an integer

Test present: missing argument
    >>> print_square()
    Traceback (most recent call last):
    ...
    TypeError: print_square() missing 1 required positional argument: 'size'
